<?xml version="1.0" encoding="UTF-8"?>
<testng-results ignored="0" total="5" passed="3" failed="1" skipped="1">
  <reporter-output>
  </reporter-output>
  <suite started-at="2022-10-01T12:50:26 IST" name="Default suite" finished-at="2022-10-01T12:50:26 IST" duration-ms="463">
    <groups>
    </groups>
    <test started-at="2022-10-01T12:50:26 IST" name="Default test" finished-at="2022-10-01T12:50:26 IST" duration-ms="463">
      <class name="ExtentReport.Extentreportclass">
        <test-method is-config="true" signature="startReport()[pri:0, instance:ExtentReport.Extentreportclass@661972b0]" started-at="2022-10-01T12:50:26 IST" name="startReport" finished-at="2022-10-01T12:50:26 IST" duration-ms="174" status="PASS">
          <reporter-output>
          </reporter-output>
        </test-method> <!-- startReport -->
        <test-method signature="LaunchBrowser()[pri:0, instance:ExtentReport.Extentreportclass@661972b0]" started-at="2022-10-01T12:50:26 IST" name="LaunchBrowser" finished-at="2022-10-01T12:50:26 IST" duration-ms="7" status="PASS">
          <reporter-output>
          </reporter-output>
        </test-method> <!-- LaunchBrowser -->
        <test-method is-config="true" signature="getTestResult(org.testng.ITestResult)[pri:0, instance:ExtentReport.Extentreportclass@661972b0]" started-at="2022-10-01T12:50:26 IST" name="getTestResult" finished-at="2022-10-01T12:50:26 IST" duration-ms="7" status="PASS">
          <params>
            <param index="0">
              <value>
                <![CDATA[[TestResult name=LaunchBrowser status=SUCCESS method=Extentreportclass.LaunchBrowser()[pri:0, instance:ExtentReport.Extentreportclass@661972b0] output={null}]]]>
              </value>
            </param>
          </params>
          <reporter-output>
          </reporter-output>
        </test-method> <!-- getTestResult -->
        <test-method signature="VerifyUserName()[pri:0, instance:ExtentReport.Extentreportclass@661972b0]" started-at="2022-10-01T12:50:26 IST" name="VerifyUserName" finished-at="2022-10-01T12:50:26 IST" duration-ms="1" status="PASS">
          <reporter-output>
          </reporter-output>
        </test-method> <!-- VerifyUserName -->
        <test-method is-config="true" signature="getTestResult(org.testng.ITestResult)[pri:0, instance:ExtentReport.Extentreportclass@661972b0]" started-at="2022-10-01T12:50:26 IST" name="getTestResult" finished-at="2022-10-01T12:50:26 IST" duration-ms="0" status="PASS">
          <params>
            <param index="0">
              <value>
                <![CDATA[[TestResult name=VerifyUserName status=SUCCESS method=Extentreportclass.VerifyUserName()[pri:0, instance:ExtentReport.Extentreportclass@661972b0] output={null}]]]>
              </value>
            </param>
          </params>
          <reporter-output>
          </reporter-output>
        </test-method> <!-- getTestResult -->
        <test-method signature="Verifyemail()[pri:0, instance:ExtentReport.Extentreportclass@661972b0]" started-at="2022-10-01T12:50:26 IST" name="Verifyemail" finished-at="2022-10-01T12:50:26 IST" duration-ms="1" status="SKIP">
          <exception class="org.testng.SkipException">
            <message>
              <![CDATA[skipping this test cases with Exception]]>
            </message>
            <full-stacktrace>
              <![CDATA[org.testng.SkipException: skipping this test cases with Exception
at ExtentReport.Extentreportclass.Verifyemail(Extentreportclass.java:81)
at java.base/jdk.internal.reflect.NativeMethodAccessorImpl.invoke0(Native Method)
at java.base/jdk.internal.reflect.NativeMethodAccessorImpl.invoke(NativeMethodAccessorImpl.java:77)
at java.base/jdk.internal.reflect.DelegatingMethodAccessorImpl.invoke(DelegatingMethodAccessorImpl.java:43)
at java.base/java.lang.reflect.Method.invoke(Method.java:568)
at org.testng.internal.MethodInvocationHelper.invokeMethod(MethodInvocationHelper.java:133)
at org.testng.internal.TestInvoker.invokeMethod(TestInvoker.java:598)
at org.testng.internal.TestInvoker.invokeTestMethod(TestInvoker.java:173)
at org.testng.internal.MethodRunner.runInSequence(MethodRunner.java:46)
at org.testng.internal.TestInvoker$MethodInvocationAgent.invoke(TestInvoker.java:824)
at org.testng.internal.TestInvoker.invokeTestMethods(TestInvoker.java:146)
at org.testng.internal.TestMethodWorker.invokeTestMethods(TestMethodWorker.java:146)
at org.testng.internal.TestMethodWorker.run(TestMethodWorker.java:128)
at java.base/java.util.ArrayList.forEach(ArrayList.java:1511)
at org.testng.TestRunner.privateRun(TestRunner.java:794)
at org.testng.TestRunner.run(TestRunner.java:596)
at org.testng.SuiteRunner.runTest(SuiteRunner.java:377)
at org.testng.SuiteRunner.runSequentially(SuiteRunner.java:371)
at org.testng.SuiteRunner.privateRun(SuiteRunner.java:332)
at org.testng.SuiteRunner.run(SuiteRunner.java:276)
at org.testng.SuiteRunnerWorker.runSuite(SuiteRunnerWorker.java:53)
at org.testng.SuiteRunnerWorker.run(SuiteRunnerWorker.java:96)
at org.testng.TestNG.runSuitesSequentially(TestNG.java:1212)
at org.testng.TestNG.runSuitesLocally(TestNG.java:1134)
at org.testng.TestNG.runSuites(TestNG.java:1063)
at org.testng.TestNG.run(TestNG.java:1031)
at org.testng.remote.AbstractRemoteTestNG.run(AbstractRemoteTestNG.java:115)
at org.testng.remote.RemoteTestNG.initAndRun(RemoteTestNG.java:251)
at org.testng.remote.RemoteTestNG.main(RemoteTestNG.java:77)
]]>
            </full-stacktrace>
          </exception> <!-- org.testng.SkipException -->
          <reporter-output>
          </reporter-output>
        </test-method> <!-- Verifyemail -->
        <test-method is-config="true" signature="getTestResult(org.testng.ITestResult)[pri:0, instance:ExtentReport.Extentreportclass@661972b0]" started-at="2022-10-01T12:50:26 IST" name="getTestResult" finished-at="2022-10-01T12:50:26 IST" duration-ms="1" status="PASS">
          <params>
            <param index="0">
              <value>
                <![CDATA[[TestResult name=Verifyemail status=SKIP method=Extentreportclass.Verifyemail()[pri:0, instance:ExtentReport.Extentreportclass@661972b0] output={null}]]]>
              </value>
            </param>
          </params>
          <reporter-output>
          </reporter-output>
        </test-method> <!-- getTestResult -->
        <test-method signature="Verifytitle()[pri:0, instance:ExtentReport.Extentreportclass@661972b0]" started-at="2022-10-01T12:50:26 IST" name="Verifytitle" finished-at="2022-10-01T12:50:26 IST" duration-ms="2" status="FAIL">
          <exception class="java.lang.AssertionError">
            <message>
              <![CDATA[expected [true] but found [false]]]>
            </message>
            <full-stacktrace>
              <![CDATA[java.lang.AssertionError: expected [true] but found [false]
at org.testng.Assert.fail(Assert.java:99)
at org.testng.Assert.failNotEquals(Assert.java:1037)
at org.testng.Assert.assertTrue(Assert.java:45)
at org.testng.Assert.assertTrue(Assert.java:55)
at ExtentReport.Extentreportclass.Verifytitle(Extentreportclass.java:61)
at java.base/jdk.internal.reflect.NativeMethodAccessorImpl.invoke0(Native Method)
at java.base/jdk.internal.reflect.NativeMethodAccessorImpl.invoke(NativeMethodAccessorImpl.java:77)
at java.base/jdk.internal.reflect.DelegatingMethodAccessorImpl.invoke(DelegatingMethodAccessorImpl.java:43)
at java.base/java.lang.reflect.Method.invoke(Method.java:568)
at org.testng.internal.MethodInvocationHelper.invokeMethod(MethodInvocationHelper.java:133)
at org.testng.internal.TestInvoker.invokeMethod(TestInvoker.java:598)
at org.testng.internal.TestInvoker.invokeTestMethod(TestInvoker.java:173)
at org.testng.internal.MethodRunner.runInSequence(MethodRunner.java:46)
at org.testng.internal.TestInvoker$MethodInvocationAgent.invoke(TestInvoker.java:824)
at org.testng.internal.TestInvoker.invokeTestMethods(TestInvoker.java:146)
at org.testng.internal.TestMethodWorker.invokeTestMethods(TestMethodWorker.java:146)
at org.testng.internal.TestMethodWorker.run(TestMethodWorker.java:128)
at java.base/java.util.ArrayList.forEach(ArrayList.java:1511)
at org.testng.TestRunner.privateRun(TestRunner.java:794)
at org.testng.TestRunner.run(TestRunner.java:596)
at org.testng.SuiteRunner.runTest(SuiteRunner.java:377)
at org.testng.SuiteRunner.runSequentially(SuiteRunner.java:371)
at org.testng.SuiteRunner.privateRun(SuiteRunner.java:332)
at org.testng.SuiteRunner.run(SuiteRunner.java:276)
at org.testng.SuiteRunnerWorker.runSuite(SuiteRunnerWorker.java:53)
at org.testng.SuiteRunnerWorker.run(SuiteRunnerWorker.java:96)
at org.testng.TestNG.runSuitesSequentially(TestNG.java:1212)
at org.testng.TestNG.runSuitesLocally(TestNG.java:1134)
at org.testng.TestNG.runSuites(TestNG.java:1063)
at org.testng.TestNG.run(TestNG.java:1031)
at org.testng.remote.AbstractRemoteTestNG.run(AbstractRemoteTestNG.java:115)
at org.testng.remote.RemoteTestNG.initAndRun(RemoteTestNG.java:251)
at org.testng.remote.RemoteTestNG.main(RemoteTestNG.java:77)
]]>
            </full-stacktrace>
          </exception> <!-- java.lang.AssertionError -->
          <reporter-output>
          </reporter-output>
        </test-method> <!-- Verifytitle -->
        <test-method is-config="true" signature="getTestResult(org.testng.ITestResult)[pri:0, instance:ExtentReport.Extentreportclass@661972b0]" started-at="2022-10-01T12:50:26 IST" name="getTestResult" finished-at="2022-10-01T12:50:26 IST" duration-ms="1" status="PASS">
          <params>
            <param index="0">
              <value>
                <![CDATA[[TestResult name=Verifytitle status=FAILURE method=Extentreportclass.Verifytitle()[pri:0, instance:ExtentReport.Extentreportclass@661972b0] output={null}]]]>
              </value>
            </param>
          </params>
          <reporter-output>
          </reporter-output>
        </test-method> <!-- getTestResult -->
        <test-method signature="logo()[pri:0, instance:ExtentReport.Extentreportclass@661972b0]" started-at="2022-10-01T12:50:26 IST" name="logo" finished-at="2022-10-01T12:50:26 IST" duration-ms="1" status="PASS">
          <reporter-output>
          </reporter-output>
        </test-method> <!-- logo -->
        <test-method is-config="true" signature="getTestResult(org.testng.ITestResult)[pri:0, instance:ExtentReport.Extentreportclass@661972b0]" started-at="2022-10-01T12:50:26 IST" name="getTestResult" finished-at="2022-10-01T12:50:26 IST" duration-ms="0" status="PASS">
          <params>
            <param index="0">
              <value>
                <![CDATA[[TestResult name=logo status=SUCCESS method=Extentreportclass.logo()[pri:0, instance:ExtentReport.Extentreportclass@661972b0] output={null}]]]>
              </value>
            </param>
          </params>
          <reporter-output>
          </reporter-output>
        </test-method> <!-- getTestResult -->
        <test-method is-config="true" signature="teardown()[pri:0, instance:ExtentReport.Extentreportclass@661972b0]" started-at="2022-10-01T12:50:26 IST" name="teardown" finished-at="2022-10-01T12:50:26 IST" duration-ms="243" status="PASS">
          <reporter-output>
          </reporter-output>
        </test-method> <!-- teardown -->
      </class> <!-- ExtentReport.Extentreportclass -->
    </test> <!-- Default test -->
  </suite> <!-- Default suite -->
</testng-results>
